<?xml version="1.0" encoding="UTF-8"?>
<TestRun id="ed763324-14d9-480d-8750-7eaec5dc3cb3" name="lanfengqi@LANFENGQI-PC 2011-10-21 14:13:40" runUser="lanfengqi-PC\lanfengqi" xmlns="http://microsoft.com/schemas/VisualStudio/TeamTest/2010">
  <TestSettings name="Local" id="62a51d66-4f45-4f59-be58-5d0791df9319">
    <Description>These are default test settings for a local test run.</Description>
    <Deployment enabled="false" runDeploymentRoot="lanfengqi_LANFENGQI-PC 2011-10-21 14_13_40">
      <DeploymentItem filename="E:\030.GitHub\020.DCI.2.0\Src\Domain.Seedwork\bin\Debug\Domain.Seedwork.dll" />
      <DeploymentItem filename="E:\030.GitHub\020.DCI.2.0\Src\Infrastructure.Crosscutting.SeedWork\bin\Debug\Infrastructure.Crosscutting.SeedWork.dll" />
      <DeploymentItem filename="E:\030.GitHub\020.DCI.2.0\Src\Infrastructure.Crosscutting.MainBoundedContent\bin\Debug\Infrastructure.Crosscutting.MainBoundedContent.dll" />
      <DeploymentItem filename="E:\030.GitHub\020.DCI.2.0\Src\Infrastructure.Data.MainBoundedContext\bin\Debug\Infrastructure.Data.MainBoundedContext.dll" />
      <DeploymentItem filename="E:\030.GitHub\020.DCI.2.0\Src\Domain.MainBoundedContext\bin\Debug\Domain.MainBoundedContext.dll" />
      <DeploymentItem filename="E:\030.GitHub\020.DCI.2.0\Src\packages\Unity.2.1.505.0\lib\NET35\Microsoft.Practices.Unity.dll" />
      <DeploymentItem filename="E:\030.GitHub\020.DCI.2.0\Src\packages\Unity.2.1.505.0\lib\NET35\Microsoft.Practices.Unity.Configuration.dll" />
      <DeploymentItem filename="E:\030.GitHub\020.DCI.2.0\Src\Infrastructure.Data.Seedwork\bin\Debug\Infrastructure.Data.Seedwork.dll" />
      <DeploymentItem filename="E:\030.GitHub\020.DCI.2.0\Src\packages\CommonServiceLocator.1.0\lib\NET35\Microsoft.Practices.ServiceLocation.dll" />
    </Deployment>
    <Execution>
      <TestTypeSpecific />
      <AgentRule name="Execution Agents">
      </AgentRule>
    </Execution>
  </TestSettings>
  <Times creation="2011-10-21T14:13:40.5256224-07:00" queuing="2011-10-21T14:13:45.3919008-07:00" start="2011-10-21T14:13:45.9039301-07:00" finish="2011-10-21T14:14:18.8678155-07:00" />
  <ResultSummary outcome="Error">
    <Counters total="1" executed="1" error="0" failed="0" timeout="0" aborted="1" inconclusive="0" passedButRunAborted="0" notRunnable="0" notExecuted="0" disconnected="0" warning="0" passed="0" completed="0" inProgress="0" pending="0" />
    <RunInfos>
      <RunInfo computerName="LANFENGQI-PC" outcome="Error" timestamp="2011-10-21T14:14:18.8598150-07:00">
        <Text>Test host process exited unexpectedly.</Text>
      </RunInfo>
    </RunInfos>
  </ResultSummary>
  <TestDefinitions>
    <UnitTest name="TestMethod1" storage="e:\030.github\020.dci.2.0\src\domain.tests\bin\debug\domain.tests.dll" id="aa940502-fb54-a7d9-2cc0-120b93b93c0d">
      <Execution id="0e4a2c91-6334-4b6a-9b21-1575aaefcf24" />
      <TestMethod codeBase="E:/030.GitHub/020.DCI.2.0/Src/Domain.Tests/bin/Debug/Domain.Tests.DLL" adapterTypeName="Microsoft.VisualStudio.TestTools.TestTypes.Unit.UnitTestAdapter, Microsoft.VisualStudio.QualityTools.Tips.UnitTest.Adapter, Version=10.0.0.0, Culture=neutral, PublicKeyToken=b03f5f7f11d50a3a" className="Domain.Tests.BorrowBooksContextTest, Domain.Tests, Version=1.0.0.0, Culture=neutral, PublicKeyToken=null" name="TestMethod1" />
    </UnitTest>
  </TestDefinitions>
  <TestLists>
    <TestList name="Results Not in a List" id="8c84fa94-04c1-424b-9868-57a2d4851a1d" />
    <TestList name="All Loaded Results" id="19431567-8539-422a-85d7-44ee4e166bda" />
  </TestLists>
  <TestEntries>
    <TestEntry testId="aa940502-fb54-a7d9-2cc0-120b93b93c0d" executionId="0e4a2c91-6334-4b6a-9b21-1575aaefcf24" testListId="8c84fa94-04c1-424b-9868-57a2d4851a1d" />
  </TestEntries>
  <Results>
    <UnitTestResult executionId="0e4a2c91-6334-4b6a-9b21-1575aaefcf24" testId="aa940502-fb54-a7d9-2cc0-120b93b93c0d" testName="TestMethod1" computerName="LANFENGQI-PC" duration="00:00:32.6098652" startTime="2011-10-21T14:13:46.2579503-07:00" endTime="2011-10-21T14:14:18.8678155-07:00" testType="13cdc9d9-ddb5-4fa4-a97d-d965ccfc6d4b" outcome="Aborted" testListId="8c84fa94-04c1-424b-9868-57a2d4851a1d" relativeResultsDirectory="0e4a2c91-6334-4b6a-9b21-1575aaefcf24">
    </UnitTestResult>
  </Results>
</TestRun>