<?xml version="1.0" encoding="UTF-8"?>
<TestRun id="740ee774-2164-4017-9eb6-04658b32b273" name="lanfengqi@LANFENGQI-PC 2011-10-20 10:29:27" runUser="lanfengqi-PC\lanfengqi" xmlns="http://microsoft.com/schemas/VisualStudio/TeamTest/2010">
  <TestSettings name="Local" id="62a51d66-4f45-4f59-be58-5d0791df9319">
    <Description>These are default test settings for a local test run.</Description>
    <Deployment enabled="false" runDeploymentRoot="lanfengqi_LANFENGQI-PC 2011-10-20 10_29_27">
      <DeploymentItem filename="E:\030.GitHub\020.DCI.2.0\Src\Infrastructure.Data.Seedwork\bin\Debug\Infrastructure.Data.Seedwork.dll" />
      <DeploymentItem filename="E:\030.GitHub\020.DCI.2.0\Src\packages\NHibernate.3.2.0.4000\lib\Net35\NHibernate.dll" />
      <DeploymentItem filename="E:\030.GitHub\020.DCI.2.0\Src\packages\Iesi.Collections.3.2.0.4000\lib\Net35\Iesi.Collections.dll" />
    </Deployment>
    <Execution>
      <TestTypeSpecific />
      <AgentRule name="Execution Agents">
      </AgentRule>
    </Execution>
  </TestSettings>
  <Times creation="2011-10-20T10:29:27.1035398-07:00" queuing="2011-10-20T10:29:30.7517485-07:00" start="2011-10-20T10:29:31.1297701-07:00" finish="2011-10-20T10:29:46.4386457-07:00" />
  <ResultSummary outcome="Error">
    <Counters total="2" executed="2" passed="1" error="0" failed="0" timeout="0" aborted="1" inconclusive="0" passedButRunAborted="0" notRunnable="0" notExecuted="0" disconnected="0" warning="0" completed="0" inProgress="0" pending="0" />
    <RunInfos>
      <RunInfo computerName="LANFENGQI-PC" outcome="Error" timestamp="2011-10-20T10:29:46.4366456-07:00">
        <Text>Test host process exited unexpectedly.</Text>
      </RunInfo>
    </RunInfos>
  </ResultSummary>
  <TestDefinitions>
    <UnitTest name="GetEnableSnapList" storage="e:\030.github\020.dci.2.0\src\infrastructure.data.tests\bin\debug\infrastructure.data.tests.dll" id="27e46ff3-68e6-f060-cb9e-be33bb098e18">
      <Execution id="f6cc41dc-697e-400b-ac07-902483af5c8b" />
      <TestMethod codeBase="E:/030.GitHub/020.DCI.2.0/Src/Infrastructure.Data.Tests/bin/Debug/Infrastructure.Data.Tests.DLL" adapterTypeName="Microsoft.VisualStudio.TestTools.TestTypes.Unit.UnitTestAdapter, Microsoft.VisualStudio.QualityTools.Tips.UnitTest.Adapter, Version=10.0.0.0, Culture=neutral, PublicKeyToken=b03f5f7f11d50a3a" className="Infrastructure.Data.Tests.DbSnapConfigsTest, Infrastructure.Data.Tests, Version=1.0.0.0, Culture=neutral, PublicKeyToken=null" name="GetEnableSnapList" />
    </UnitTest>
    <UnitTest name="Current" storage="e:\030.github\020.dci.2.0\src\infrastructure.data.tests\bin\debug\infrastructure.data.tests.dll" id="c2b98c0a-b0fc-2f55-a0b9-2941302aa164">
      <Execution id="b46308a5-41c4-4a87-996a-80c87b365246" />
      <TestMethod codeBase="E:/030.GitHub/020.DCI.2.0/Src/Infrastructure.Data.Tests/bin/Debug/Infrastructure.Data.Tests.DLL" adapterTypeName="Microsoft.VisualStudio.TestTools.TestTypes.Unit.UnitTestAdapter, Microsoft.VisualStudio.QualityTools.Tips.UnitTest.Adapter, Version=10.0.0.0, Culture=neutral, PublicKeyToken=b03f5f7f11d50a3a" className="Infrastructure.Data.Tests.DatabaseFactoryTest, Infrastructure.Data.Tests, Version=1.0.0.0, Culture=neutral, PublicKeyToken=null" name="Current" />
    </UnitTest>
  </TestDefinitions>
  <TestLists>
    <TestList name="Results Not in a List" id="8c84fa94-04c1-424b-9868-57a2d4851a1d" />
    <TestList name="All Loaded Results" id="19431567-8539-422a-85d7-44ee4e166bda" />
  </TestLists>
  <TestEntries>
    <TestEntry testId="27e46ff3-68e6-f060-cb9e-be33bb098e18" executionId="f6cc41dc-697e-400b-ac07-902483af5c8b" testListId="8c84fa94-04c1-424b-9868-57a2d4851a1d" />
    <TestEntry testId="c2b98c0a-b0fc-2f55-a0b9-2941302aa164" executionId="b46308a5-41c4-4a87-996a-80c87b365246" testListId="8c84fa94-04c1-424b-9868-57a2d4851a1d" />
  </TestEntries>
  <Results>
    <UnitTestResult executionId="f6cc41dc-697e-400b-ac07-902483af5c8b" testId="27e46ff3-68e6-f060-cb9e-be33bb098e18" testName="GetEnableSnapList" computerName="LANFENGQI-PC" duration="00:00:00.4913946" startTime="2011-10-20T10:29:31.8648122-07:00" endTime="2011-10-20T10:29:33.8429253-07:00" testType="13cdc9d9-ddb5-4fa4-a97d-d965ccfc6d4b" outcome="Passed" testListId="8c84fa94-04c1-424b-9868-57a2d4851a1d" relativeResultsDirectory="f6cc41dc-697e-400b-ac07-902483af5c8b">
    </UnitTestResult>
    <UnitTestResult executionId="b46308a5-41c4-4a87-996a-80c87b365246" testId="c2b98c0a-b0fc-2f55-a0b9-2941302aa164" testName="Current" computerName="LANFENGQI-PC" duration="00:00:12.5797195" startTime="2011-10-20T10:29:33.8589262-07:00" endTime="2011-10-20T10:29:46.4386457-07:00" testType="13cdc9d9-ddb5-4fa4-a97d-d965ccfc6d4b" outcome="Aborted" testListId="8c84fa94-04c1-424b-9868-57a2d4851a1d" relativeResultsDirectory="b46308a5-41c4-4a87-996a-80c87b365246">
    </UnitTestResult>
  </Results>
</TestRun>