<?xml version="1.0" encoding="UTF-8"?>
<TestRun id="814a6c05-d65f-4d91-9b8c-619751f628f8" name="lanfengqi@LANFENGQI-PC 2011-10-14 17:05:50" runUser="lanfengqi-PC\lanfengqi" xmlns="http://microsoft.com/schemas/VisualStudio/TeamTest/2010">
  <TestSettings name="Local" id="62a51d66-4f45-4f59-be58-5d0791df9319">
    <Description>These are default test settings for a local test run.</Description>
    <Deployment enabled="false" runDeploymentRoot="lanfengqi_LANFENGQI-PC 2011-10-14 17_05_50">
      <DeploymentItem filename="E:\030.GitHub\020.DCI.2.0\Src\packages\Unity.2.1.505.0\lib\NET35\Microsoft.Practices.Unity.Configuration.dll" />
      <DeploymentItem filename="E:\030.GitHub\020.DCI.2.0\Src\Infrastructure.Crosscutting.MainBoundedContent\bin\Debug\Infrastructure.Crosscutting.MainBoundedContent.dll" />
      <DeploymentItem filename="E:\030.GitHub\020.DCI.2.0\Src\packages\CommonServiceLocator.1.0\lib\NET35\Microsoft.Practices.ServiceLocation.dll" />
      <DeploymentItem filename="E:\030.GitHub\020.DCI.2.0\Src\packages\Unity.2.1.505.0\lib\NET35\Microsoft.Practices.Unity.dll" />
      <DeploymentItem filename="E:\030.GitHub\020.DCI.2.0\Src\Infrastructure.Crosscutting.SeedWork\bin\Debug\Infrastructure.Crosscutting.SeedWork.dll" />
    </Deployment>
    <Execution>
      <TestTypeSpecific />
      <AgentRule name="Execution Agents">
      </AgentRule>
    </Execution>
  </TestSettings>
  <Times creation="2011-10-14T17:05:50.9278562-07:00" queuing="2011-10-14T17:05:53.8180215-07:00" start="2011-10-14T17:05:54.5680644-07:00" finish="2011-10-14T17:05:56.9442003-07:00" />
  <ResultSummary outcome="Error">
    <Counters total="6" executed="1" error="0" failed="0" timeout="0" aborted="1" inconclusive="0" passedButRunAborted="0" notRunnable="0" notExecuted="5" disconnected="0" warning="0" passed="0" completed="0" inProgress="0" pending="0" />
    <RunInfos>
      <RunInfo computerName="LANFENGQI-PC" outcome="Error" timestamp="2011-10-14T17:05:56.9271993-07:00">
        <Text>Test host process exited unexpectedly.</Text>
      </RunInfo>
    </RunInfos>
  </ResultSummary>
  <TestDefinitions>
    <UnitTest name="LogError" storage="e:\030.github\020.dci.2.0\src\infrastructure.crosscutting\bin\debug\infrastructure.crosscutting.dll" id="da18f98d-77a2-a919-cadc-396335941cc3">
      <Execution id="8eb19d47-e35e-48f6-9f41-f0e5a33a6fb5" />
      <TestMethod codeBase="E:/030.GitHub/020.DCI.2.0/Src/Infrastructure.Crosscutting/bin/Debug/Infrastructure.Crosscutting.DLL" adapterTypeName="Microsoft.VisualStudio.TestTools.TestTypes.Unit.UnitTestAdapter, Microsoft.VisualStudio.QualityTools.Tips.UnitTest.Adapter, Version=10.0.0.0, Culture=neutral, PublicKeyToken=b03f5f7f11d50a3a" className="Infrastructure.Crosscutting.Tests.TraceSourceLogTest, Infrastructure.Crosscutting, Version=1.0.0.0, Culture=neutral, PublicKeyToken=null" name="LogError" />
    </UnitTest>
    <UnitTest name="IsTypeRegistered" storage="e:\030.github\020.dci.2.0\src\infrastructure.crosscutting\bin\debug\infrastructure.crosscutting.dll" id="a33d223d-857c-584e-df3f-41fd606e6202">
      <Execution id="b9460956-1d12-4d79-bd9a-8f4d5a1d7d6e" />
      <TestMethod codeBase="E:/030.GitHub/020.DCI.2.0/Src/Infrastructure.Crosscutting/bin/Debug/Infrastructure.Crosscutting.DLL" adapterTypeName="Microsoft.VisualStudio.TestTools.TestTypes.Unit.UnitTestAdapter, Microsoft.VisualStudio.QualityTools.Tips.UnitTest.Adapter, Version=10.0.0.0, Culture=neutral, PublicKeyToken=b03f5f7f11d50a3a" className="Infrastructure.Crosscutting.Tests.InstanceLocatorTest, Infrastructure.Crosscutting, Version=1.0.0.0, Culture=neutral, PublicKeyToken=null" name="IsTypeRegistered" />
    </UnitTest>
    <UnitTest name="GetInstance" storage="e:\030.github\020.dci.2.0\src\infrastructure.crosscutting\bin\debug\infrastructure.crosscutting.dll" id="58ddf231-d285-e5ee-69d3-be47ad5fd631">
      <Execution id="d6e8be22-7820-4feb-b37f-4f42e4421b0a" />
      <TestMethod codeBase="E:/030.GitHub/020.DCI.2.0/Src/Infrastructure.Crosscutting/bin/Debug/Infrastructure.Crosscutting.DLL" adapterTypeName="Microsoft.VisualStudio.TestTools.TestTypes.Unit.UnitTestAdapter, Microsoft.VisualStudio.QualityTools.Tips.UnitTest.Adapter, Version=10.0.0.0, Culture=neutral, PublicKeyToken=b03f5f7f11d50a3a" className="Infrastructure.Crosscutting.Tests.InstanceLocatorTest, Infrastructure.Crosscutting, Version=1.0.0.0, Culture=neutral, PublicKeyToken=null" name="GetInstance" />
    </UnitTest>
    <UnitTest name="LogWarning" storage="e:\030.github\020.dci.2.0\src\infrastructure.crosscutting\bin\debug\infrastructure.crosscutting.dll" id="9cc213e8-69ea-5781-afbe-bb95278cfc9e">
      <Execution id="e85a6fa9-a8db-4d24-9695-7dd99bdbeff9" />
      <TestMethod codeBase="E:/030.GitHub/020.DCI.2.0/Src/Infrastructure.Crosscutting/bin/Debug/Infrastructure.Crosscutting.DLL" adapterTypeName="Microsoft.VisualStudio.TestTools.TestTypes.Unit.UnitTestAdapter, Microsoft.VisualStudio.QualityTools.Tips.UnitTest.Adapter, Version=10.0.0.0, Culture=neutral, PublicKeyToken=b03f5f7f11d50a3a" className="Infrastructure.Crosscutting.Tests.TraceSourceLogTest, Infrastructure.Crosscutting, Version=1.0.0.0, Culture=neutral, PublicKeyToken=null" name="LogWarning" />
    </UnitTest>
    <UnitTest name="LogErrorWithException" storage="e:\030.github\020.dci.2.0\src\infrastructure.crosscutting\bin\debug\infrastructure.crosscutting.dll" id="d4904fe4-8ee3-1aa9-9c09-4186cfad6ec5">
      <Execution id="21bb7f0c-73bf-487f-bf9a-571bd362f8d4" />
      <TestMethod codeBase="E:/030.GitHub/020.DCI.2.0/Src/Infrastructure.Crosscutting/bin/Debug/Infrastructure.Crosscutting.DLL" adapterTypeName="Microsoft.VisualStudio.TestTools.TestTypes.Unit.UnitTestAdapter, Microsoft.VisualStudio.QualityTools.Tips.UnitTest.Adapter, Version=10.0.0.0, Culture=neutral, PublicKeyToken=b03f5f7f11d50a3a" className="Infrastructure.Crosscutting.Tests.TraceSourceLogTest, Infrastructure.Crosscutting, Version=1.0.0.0, Culture=neutral, PublicKeyToken=null" name="LogErrorWithException" />
    </UnitTest>
    <UnitTest name="LogInfo" storage="e:\030.github\020.dci.2.0\src\infrastructure.crosscutting\bin\debug\infrastructure.crosscutting.dll" id="70da7c39-cac7-1d42-a400-8bdb1be68564">
      <Execution id="254c7a7f-e0e7-47e6-8192-eb5e2165fce3" />
      <TestMethod codeBase="E:/030.GitHub/020.DCI.2.0/Src/Infrastructure.Crosscutting/bin/Debug/Infrastructure.Crosscutting.DLL" adapterTypeName="Microsoft.VisualStudio.TestTools.TestTypes.Unit.UnitTestAdapter, Microsoft.VisualStudio.QualityTools.Tips.UnitTest.Adapter, Version=10.0.0.0, Culture=neutral, PublicKeyToken=b03f5f7f11d50a3a" className="Infrastructure.Crosscutting.Tests.TraceSourceLogTest, Infrastructure.Crosscutting, Version=1.0.0.0, Culture=neutral, PublicKeyToken=null" name="LogInfo" />
    </UnitTest>
  </TestDefinitions>
  <TestLists>
    <TestList name="Results Not in a List" id="8c84fa94-04c1-424b-9868-57a2d4851a1d" />
    <TestList name="All Loaded Results" id="19431567-8539-422a-85d7-44ee4e166bda" />
  </TestLists>
  <TestEntries>
    <TestEntry testId="58ddf231-d285-e5ee-69d3-be47ad5fd631" executionId="d6e8be22-7820-4feb-b37f-4f42e4421b0a" testListId="8c84fa94-04c1-424b-9868-57a2d4851a1d" />
    <TestEntry testId="a33d223d-857c-584e-df3f-41fd606e6202" executionId="b9460956-1d12-4d79-bd9a-8f4d5a1d7d6e" testListId="8c84fa94-04c1-424b-9868-57a2d4851a1d" />
    <TestEntry testId="70da7c39-cac7-1d42-a400-8bdb1be68564" executionId="254c7a7f-e0e7-47e6-8192-eb5e2165fce3" testListId="8c84fa94-04c1-424b-9868-57a2d4851a1d" />
    <TestEntry testId="9cc213e8-69ea-5781-afbe-bb95278cfc9e" executionId="e85a6fa9-a8db-4d24-9695-7dd99bdbeff9" testListId="8c84fa94-04c1-424b-9868-57a2d4851a1d" />
    <TestEntry testId="da18f98d-77a2-a919-cadc-396335941cc3" executionId="8eb19d47-e35e-48f6-9f41-f0e5a33a6fb5" testListId="8c84fa94-04c1-424b-9868-57a2d4851a1d" />
    <TestEntry testId="d4904fe4-8ee3-1aa9-9c09-4186cfad6ec5" executionId="21bb7f0c-73bf-487f-bf9a-571bd362f8d4" testListId="8c84fa94-04c1-424b-9868-57a2d4851a1d" />
  </TestEntries>
  <Results>
    <UnitTestResult executionId="d6e8be22-7820-4feb-b37f-4f42e4421b0a" testId="58ddf231-d285-e5ee-69d3-be47ad5fd631" testName="GetInstance" computerName="LANFENGQI-PC" duration="00:00:01.7420997" startTime="2011-10-14T17:05:55.2011006-07:00" endTime="2011-10-14T17:05:56.9432003-07:00" testType="13cdc9d9-ddb5-4fa4-a97d-d965ccfc6d4b" outcome="Aborted" testListId="8c84fa94-04c1-424b-9868-57a2d4851a1d" relativeResultsDirectory="d6e8be22-7820-4feb-b37f-4f42e4421b0a">
    </UnitTestResult>
    <UnitTestResult executionId="b9460956-1d12-4d79-bd9a-8f4d5a1d7d6e" testId="a33d223d-857c-584e-df3f-41fd606e6202" testName="IsTypeRegistered" computerName="LANFENGQI-PC" testType="13cdc9d9-ddb5-4fa4-a97d-d965ccfc6d4b" outcome="NotExecuted" testListId="8c84fa94-04c1-424b-9868-57a2d4851a1d" relativeResultsDirectory="b9460956-1d12-4d79-bd9a-8f4d5a1d7d6e">
    </UnitTestResult>
    <UnitTestResult executionId="254c7a7f-e0e7-47e6-8192-eb5e2165fce3" testId="70da7c39-cac7-1d42-a400-8bdb1be68564" testName="LogInfo" computerName="LANFENGQI-PC" testType="13cdc9d9-ddb5-4fa4-a97d-d965ccfc6d4b" outcome="NotExecuted" testListId="8c84fa94-04c1-424b-9868-57a2d4851a1d" relativeResultsDirectory="254c7a7f-e0e7-47e6-8192-eb5e2165fce3">
    </UnitTestResult>
    <UnitTestResult executionId="e85a6fa9-a8db-4d24-9695-7dd99bdbeff9" testId="9cc213e8-69ea-5781-afbe-bb95278cfc9e" testName="LogWarning" computerName="LANFENGQI-PC" testType="13cdc9d9-ddb5-4fa4-a97d-d965ccfc6d4b" outcome="NotExecuted" testListId="8c84fa94-04c1-424b-9868-57a2d4851a1d" relativeResultsDirectory="e85a6fa9-a8db-4d24-9695-7dd99bdbeff9">
    </UnitTestResult>
    <UnitTestResult executionId="8eb19d47-e35e-48f6-9f41-f0e5a33a6fb5" testId="da18f98d-77a2-a919-cadc-396335941cc3" testName="LogError" computerName="LANFENGQI-PC" testType="13cdc9d9-ddb5-4fa4-a97d-d965ccfc6d4b" outcome="NotExecuted" testListId="8c84fa94-04c1-424b-9868-57a2d4851a1d" relativeResultsDirectory="8eb19d47-e35e-48f6-9f41-f0e5a33a6fb5">
    </UnitTestResult>
    <UnitTestResult executionId="21bb7f0c-73bf-487f-bf9a-571bd362f8d4" testId="d4904fe4-8ee3-1aa9-9c09-4186cfad6ec5" testName="LogErrorWithException" computerName="LANFENGQI-PC" testType="13cdc9d9-ddb5-4fa4-a97d-d965ccfc6d4b" outcome="NotExecuted" testListId="8c84fa94-04c1-424b-9868-57a2d4851a1d" relativeResultsDirectory="21bb7f0c-73bf-487f-bf9a-571bd362f8d4">
    </UnitTestResult>
  </Results>
</TestRun>